2025-10-30 13:55:06 - fds_reader - INFO - Processing document C:\Users\rdmde\AppData\Local\Temp\pytest-of-rdmde\pytest-5\test_high_confidence_heuristic0\test.pdf
2025-10-30 13:55:06 - fds_reader - INFO - Document C:\Users\rdmde\AppData\Local\Temp\pytest-of-rdmde\pytest-5\test_high_confidence_heuristic0\test.pdf processed in 0.00s
2025-10-30 13:55:06 - fds_reader - INFO - Processing document C:\Users\rdmde\AppData\Local\Temp\pytest-of-rdmde\pytest-5\test_low_confidence_uses_llm0\test.pdf
2025-10-30 13:55:06 - fds_reader - INFO - Document C:\Users\rdmde\AppData\Local\Temp\pytest-of-rdmde\pytest-5\test_low_confidence_uses_llm0\test.pdf processed in 0.00s
2025-10-30 13:55:06 - fds_reader - INFO - Processing document C:\Users\rdmde\AppData\Local\Temp\pytest-of-rdmde\pytest-5\test_file_size_validation0\large.pdf
2025-10-30 13:55:06 - fds_reader - INFO - Processing document C:\Users\rdmde\AppData\Local\Temp\pytest-of-rdmde\pytest-5\test_error_handling_and_status0\error.pdf
2025-10-30 13:55:06 - fds_reader - INFO - Processing document C:\Users\rdmde\AppData\Local\Temp\pytest-of-rdmde\pytest-5\test_no_llm_client_uses_heuris0\test.pdf
2025-10-30 13:55:06 - fds_reader - INFO - Document C:\Users\rdmde\AppData\Local\Temp\pytest-of-rdmde\pytest-5\test_no_llm_client_uses_heuris0\test.pdf processed in 0.00s
2025-10-30 13:56:35 - fds_reader - INFO - Processing document C:\Users\rdmde\AppData\Local\Temp\pytest-of-rdmde\pytest-6\test_high_confidence_heuristic0\test.pdf
2025-10-30 13:56:35 - fds_reader - INFO - Document C:\Users\rdmde\AppData\Local\Temp\pytest-of-rdmde\pytest-6\test_high_confidence_heuristic0\test.pdf processed in 0.00s
2025-10-30 13:56:35 - fds_reader - INFO - Processing document C:\Users\rdmde\AppData\Local\Temp\pytest-of-rdmde\pytest-6\test_low_confidence_uses_llm0\test.pdf
2025-10-30 13:56:35 - fds_reader - INFO - Document C:\Users\rdmde\AppData\Local\Temp\pytest-of-rdmde\pytest-6\test_low_confidence_uses_llm0\test.pdf processed in 0.00s
2025-10-30 13:56:35 - fds_reader - INFO - Processing document C:\Users\rdmde\AppData\Local\Temp\pytest-of-rdmde\pytest-6\test_file_size_validation0\large.pdf
2025-10-30 13:56:35 - fds_reader - INFO - Processing document C:\Users\rdmde\AppData\Local\Temp\pytest-of-rdmde\pytest-6\test_error_handling_and_status0\error.pdf
2025-10-30 13:56:35 - fds_reader - INFO - Processing document C:\Users\rdmde\AppData\Local\Temp\pytest-of-rdmde\pytest-6\test_no_llm_client_uses_heuris0\test.pdf
2025-10-30 13:56:35 - fds_reader - INFO - Document C:\Users\rdmde\AppData\Local\Temp\pytest-of-rdmde\pytest-6\test_no_llm_client_uses_heuris0\test.pdf processed in 0.00s
2025-10-30 13:56:54 - fds_reader - INFO - Processing document C:\Users\rdmde\AppData\Local\Temp\pytest-of-rdmde\pytest-7\test_high_confidence_heuristic0\test.pdf
2025-10-30 13:56:54 - fds_reader - INFO - Document C:\Users\rdmde\AppData\Local\Temp\pytest-of-rdmde\pytest-7\test_high_confidence_heuristic0\test.pdf processed in 0.00s
2025-10-30 13:56:54 - fds_reader - INFO - Processing document C:\Users\rdmde\AppData\Local\Temp\pytest-of-rdmde\pytest-7\test_low_confidence_uses_llm0\test.pdf
2025-10-30 13:56:54 - fds_reader - INFO - Document C:\Users\rdmde\AppData\Local\Temp\pytest-of-rdmde\pytest-7\test_low_confidence_uses_llm0\test.pdf processed in 0.00s
2025-10-30 13:56:54 - fds_reader - INFO - Processing document C:\Users\rdmde\AppData\Local\Temp\pytest-of-rdmde\pytest-7\test_file_size_validation0\large.pdf
2025-10-30 13:56:54 - fds_reader - INFO - Processing document C:\Users\rdmde\AppData\Local\Temp\pytest-of-rdmde\pytest-7\test_error_handling_and_status0\error.pdf
2025-10-30 13:56:54 - fds_reader - INFO - Processing document C:\Users\rdmde\AppData\Local\Temp\pytest-of-rdmde\pytest-7\test_no_llm_client_uses_heuris0\test.pdf
2025-10-30 13:56:54 - fds_reader - INFO - Document C:\Users\rdmde\AppData\Local\Temp\pytest-of-rdmde\pytest-7\test_no_llm_client_uses_heuris0\test.pdf processed in 0.00s
2025-10-30 13:58:29 - fds_reader - INFO - Processing document C:\Users\rdmde\AppData\Local\Temp\pytest-of-rdmde\pytest-8\test_high_confidence_heuristic0\test.pdf
2025-10-30 13:58:29 - fds_reader - INFO - Document C:\Users\rdmde\AppData\Local\Temp\pytest-of-rdmde\pytest-8\test_high_confidence_heuristic0\test.pdf processed in 0.00s
2025-10-30 13:58:29 - fds_reader - INFO - Processing document C:\Users\rdmde\AppData\Local\Temp\pytest-of-rdmde\pytest-8\test_low_confidence_uses_llm0\test.pdf
2025-10-30 13:58:29 - fds_reader - INFO - Document C:\Users\rdmde\AppData\Local\Temp\pytest-of-rdmde\pytest-8\test_low_confidence_uses_llm0\test.pdf processed in 0.00s
2025-10-30 13:58:29 - fds_reader - INFO - Processing document C:\Users\rdmde\AppData\Local\Temp\pytest-of-rdmde\pytest-8\test_file_size_validation0\large.pdf
2025-10-30 13:58:29 - fds_reader - INFO - Processing document C:\Users\rdmde\AppData\Local\Temp\pytest-of-rdmde\pytest-8\test_error_handling_and_status0\error.pdf
2025-10-30 13:58:29 - fds_reader - INFO - Processing document C:\Users\rdmde\AppData\Local\Temp\pytest-of-rdmde\pytest-8\test_no_llm_client_uses_heuris0\test.pdf
2025-10-30 13:58:29 - fds_reader - INFO - Document C:\Users\rdmde\AppData\Local\Temp\pytest-of-rdmde\pytest-8\test_no_llm_client_uses_heuris0\test.pdf processed in 0.00s
2025-10-30 13:58:35 - fds_reader - INFO - Processing document C:\Users\rdmde\AppData\Local\Temp\pytest-of-rdmde\pytest-9\test_high_confidence_heuristic0\test.pdf
2025-10-30 13:58:35 - fds_reader - INFO - Document C:\Users\rdmde\AppData\Local\Temp\pytest-of-rdmde\pytest-9\test_high_confidence_heuristic0\test.pdf processed in 0.00s
2025-10-30 13:58:36 - fds_reader - INFO - Processing document C:\Users\rdmde\AppData\Local\Temp\pytest-of-rdmde\pytest-9\test_low_confidence_uses_llm0\test.pdf
2025-10-30 13:58:36 - fds_reader - INFO - Document C:\Users\rdmde\AppData\Local\Temp\pytest-of-rdmde\pytest-9\test_low_confidence_uses_llm0\test.pdf processed in 0.00s
2025-10-30 13:58:36 - fds_reader - INFO - Processing document C:\Users\rdmde\AppData\Local\Temp\pytest-of-rdmde\pytest-9\test_file_size_validation0\large.pdf
2025-10-30 13:58:36 - fds_reader - INFO - Processing document C:\Users\rdmde\AppData\Local\Temp\pytest-of-rdmde\pytest-9\test_error_handling_and_status0\error.pdf
2025-10-30 13:58:36 - fds_reader - INFO - Processing document C:\Users\rdmde\AppData\Local\Temp\pytest-of-rdmde\pytest-9\test_no_llm_client_uses_heuris0\test.pdf
2025-10-30 13:58:36 - fds_reader - INFO - Document C:\Users\rdmde\AppData\Local\Temp\pytest-of-rdmde\pytest-9\test_no_llm_client_uses_heuris0\test.pdf processed in 0.00s
2025-10-30 13:59:11 - fds_reader - INFO - Processing document C:\Users\rdmde\AppData\Local\Temp\pytest-of-rdmde\pytest-10\test_high_confidence_heuristic0\test.pdf
2025-10-30 13:59:11 - fds_reader - INFO - Document C:\Users\rdmde\AppData\Local\Temp\pytest-of-rdmde\pytest-10\test_high_confidence_heuristic0\test.pdf processed in 0.00s
2025-10-30 13:59:11 - fds_reader - INFO - Processing document C:\Users\rdmde\AppData\Local\Temp\pytest-of-rdmde\pytest-10\test_low_confidence_uses_llm0\test.pdf
2025-10-30 13:59:11 - fds_reader - INFO - Document C:\Users\rdmde\AppData\Local\Temp\pytest-of-rdmde\pytest-10\test_low_confidence_uses_llm0\test.pdf processed in 0.00s
2025-10-30 13:59:11 - fds_reader - INFO - Processing document C:\Users\rdmde\AppData\Local\Temp\pytest-of-rdmde\pytest-10\test_file_size_validation0\large.pdf
2025-10-30 13:59:11 - fds_reader - INFO - Processing document C:\Users\rdmde\AppData\Local\Temp\pytest-of-rdmde\pytest-10\test_error_handling_and_status0\error.pdf
2025-10-30 13:59:11 - fds_reader - ERROR - Failed to process document C:\Users\rdmde\AppData\Local\Temp\pytest-of-rdmde\pytest-10\test_error_handling_and_status0\error.pdf
Traceback (most recent call last):
  File "D:\BI\fds_reader\src\core\document_processor.py", line 141, in process
    data = extractor.extract(file_path)
  File "C:\Users\rdmde\AppData\Local\Programs\Python\Python313\Lib\unittest\mock.py", line 1169, in __call__
    return self._mock_call(*args, **kwargs)
           ~~~~~~~~~~~~~~~^^^^^^^^^^^^^^^^^
  File "C:\Users\rdmde\AppData\Local\Programs\Python\Python313\Lib\unittest\mock.py", line 1173, in _mock_call
    return self._execute_mock_call(*args, **kwargs)
           ~~~~~~~~~~~~~~~~~~~~~~~^^^^^^^^^^^^^^^^^
  File "C:\Users\rdmde\AppData\Local\Programs\Python\Python313\Lib\unittest\mock.py", line 1228, in _execute_mock_call
    raise effect
Exception: Extraction failed
2025-10-30 13:59:11 - fds_reader - INFO - Processing document C:\Users\rdmde\AppData\Local\Temp\pytest-of-rdmde\pytest-10\test_no_llm_client_uses_heuris0\test.pdf
2025-10-30 13:59:11 - fds_reader - INFO - Document C:\Users\rdmde\AppData\Local\Temp\pytest-of-rdmde\pytest-10\test_no_llm_client_uses_heuris0\test.pdf processed in 0.00s
2025-10-30 13:59:16 - fds_reader - INFO - Processing document C:\Users\rdmde\AppData\Local\Temp\pytest-of-rdmde\pytest-11\test_high_confidence_heuristic0\test.pdf
2025-10-30 13:59:16 - fds_reader - INFO - Document C:\Users\rdmde\AppData\Local\Temp\pytest-of-rdmde\pytest-11\test_high_confidence_heuristic0\test.pdf processed in 0.00s
2025-10-30 13:59:16 - fds_reader - INFO - Processing document C:\Users\rdmde\AppData\Local\Temp\pytest-of-rdmde\pytest-11\test_low_confidence_uses_llm0\test.pdf
2025-10-30 13:59:16 - fds_reader - INFO - Document C:\Users\rdmde\AppData\Local\Temp\pytest-of-rdmde\pytest-11\test_low_confidence_uses_llm0\test.pdf processed in 0.00s
2025-10-30 13:59:16 - fds_reader - INFO - Processing document C:\Users\rdmde\AppData\Local\Temp\pytest-of-rdmde\pytest-11\test_file_size_validation0\large.pdf
2025-10-30 13:59:16 - fds_reader - INFO - Processing document C:\Users\rdmde\AppData\Local\Temp\pytest-of-rdmde\pytest-11\test_error_handling_and_status0\error.pdf
2025-10-30 13:59:16 - fds_reader - ERROR - Failed to process document C:\Users\rdmde\AppData\Local\Temp\pytest-of-rdmde\pytest-11\test_error_handling_and_status0\error.pdf
Traceback (most recent call last):
  File "D:\BI\fds_reader\src\core\document_processor.py", line 141, in process
    data = extractor.extract(file_path)
  File "C:\Users\rdmde\AppData\Local\Programs\Python\Python313\Lib\unittest\mock.py", line 1169, in __call__
    return self._mock_call(*args, **kwargs)
           ~~~~~~~~~~~~~~~^^^^^^^^^^^^^^^^^
  File "C:\Users\rdmde\AppData\Local\Programs\Python\Python313\Lib\unittest\mock.py", line 1173, in _mock_call
    return self._execute_mock_call(*args, **kwargs)
           ~~~~~~~~~~~~~~~~~~~~~~~^^^^^^^^^^^^^^^^^
  File "C:\Users\rdmde\AppData\Local\Programs\Python\Python313\Lib\unittest\mock.py", line 1228, in _execute_mock_call
    raise effect
Exception: Extraction failed
2025-10-30 13:59:16 - fds_reader - INFO - Processing document C:\Users\rdmde\AppData\Local\Temp\pytest-of-rdmde\pytest-11\test_no_llm_client_uses_heuris0\test.pdf
2025-10-30 13:59:16 - fds_reader - INFO - Document C:\Users\rdmde\AppData\Local\Temp\pytest-of-rdmde\pytest-11\test_no_llm_client_uses_heuris0\test.pdf processed in 0.00s
2025-10-30 14:04:20 - fds_reader - INFO - Connected to DuckDB database at D:\BI\fds_reader\data\duckdb\extractions.db
2025-10-30 14:05:08 - fds_reader - INFO - Connected to DuckDB database at D:\BI\fds_reader\data\duckdb\extractions.db
2025-10-30 14:05:53 - fds_reader - INFO - Connected to DuckDB database at D:\BI\fds_reader\data\duckdb\extractions.db
2025-10-30 14:07:05 - fds_reader - INFO - Connected to DuckDB database at D:\BI\fds_reader\data\duckdb\extractions.db
2025-10-30 14:07:05 - fds_reader - INFO - Starting processing queue with 1 worker(s)
2025-10-30 14:07:09 - fds_reader - ERROR - Falha ao carregar resultados: Binder Error: Values list "latest" does not have a column named "validation_status"

LINE 26: ... WHEN latest.field_name = 'numero_onu' AND latest.rn = 1 THEN latest.validation_status END) AS numero_onu_status,
                                                                          ^
2025-10-30 14:07:15 - fds_reader - INFO - Shutting down application.
2025-10-30 14:07:15 - fds_reader - INFO - Stopping processing queue
2025-10-30 14:08:00 - fds_reader - INFO - Connected to DuckDB database at D:\BI\fds_reader\data\duckdb\extractions.db
2025-10-30 14:08:00 - fds_reader - INFO - Starting processing queue with 1 worker(s)
2025-10-30 14:08:47 - fds_reader - INFO - Shutting down application.
2025-10-30 14:08:47 - fds_reader - INFO - Stopping processing queue
2025-10-30 14:09:39 - fds_reader - INFO - Processing 3 examples from D:\BI\fds_reader\examples
2025-10-30 14:09:39 - fds_reader - INFO - Connected to DuckDB database at D:\BI\fds_reader\data\duckdb\extractions.db
2025-10-30 14:09:40 - fds_reader - INFO - LLM usage disabled via CLI flag; relying on heuristics only.
2025-10-30 14:09:40 - fds_reader - INFO - Processing document D:\BI\fds_reader\examples\7HF_FDS_Portugues.pdf
2025-10-30 14:09:40 - fds_reader - INFO - Registering new document: 7HF_FDS_Portugues.pdf
2025-10-30 14:09:40 - fds_reader - INFO - Extracting PDF: 7HF_FDS_Portugues.pdf
2025-10-30 14:09:41 - fds_reader - INFO - Updating document 1 status to success (error=None)
2025-10-30 14:09:41 - fds_reader - INFO - Document D:\BI\fds_reader\examples\7HF_FDS_Portugues.pdf processed in 1.30s
2025-10-30 14:09:41 - fds_reader - INFO - Processing document D:\BI\fds_reader\examples\841578_SDS_BR_Z9.PDF
2025-10-30 14:09:41 - fds_reader - INFO - Registering new document: 841578_SDS_BR_Z9.PDF
2025-10-30 14:09:41 - fds_reader - INFO - Extracting PDF: 841578_SDS_BR_Z9.PDF
2025-10-30 14:09:42 - fds_reader - INFO - Updating document 2 status to success (error=None)
2025-10-30 14:09:42 - fds_reader - INFO - Document D:\BI\fds_reader\examples\841578_SDS_BR_Z9.PDF processed in 1.10s
2025-10-30 14:09:42 - fds_reader - INFO - Processing document D:\BI\fds_reader\examples\FDS-OEM-ADVANCED-05-PRONTO-PARA-USO.pdf
2025-10-30 14:09:42 - fds_reader - INFO - Registering new document: FDS-OEM-ADVANCED-05-PRONTO-PARA-USO.pdf
2025-10-30 14:09:42 - fds_reader - INFO - Extracting PDF: FDS-OEM-ADVANCED-05-PRONTO-PARA-USO.pdf
2025-10-30 14:09:43 - fds_reader - INFO - Updating document 3 status to success (error=None)
2025-10-30 14:09:43 - fds_reader - INFO - Document D:\BI\fds_reader\examples\FDS-OEM-ADVANCED-05-PRONTO-PARA-USO.pdf processed in 0.84s
2025-10-30 14:09:43 - fds_reader - INFO - Finished. Summary of extracted fields:

2025-10-30 14:09:43 - fds_reader - INFO - FDS-OEM-ADVANCED-05-PRONTO-PARA-USO.pdf -> ONU: 2024 (0.85, warning) | CAS: 107-21-1 (0.80, warning) | Classe: NAO ENCONTRADO (0.00, invalid)
2025-10-30 14:09:43 - fds_reader - INFO - 841578_SDS_BR_Z9.PDF -> ONU: 2024 (0.85, warning) | CAS: 89-60-1 (0.80, warning) | Classe: NAO ENCONTRADO (0.00, invalid)
2025-10-30 14:09:43 - fds_reader - INFO - 7HF_FDS_Portugues.pdf -> ONU: 2024 (0.85, warning) | CAS: 64742-47-8 (0.80, warning) | Classe: NAO ENCONTRADO (0.00, invalid)
2025-10-30 14:15:15 - fds_reader - INFO - Connected to DuckDB database at D:\BI\fds_reader\data\duckdb\extractions.db
2025-10-30 14:15:15 - fds_reader - INFO - Loading results from DuckDB
2025-10-30 14:15:15 - fds_reader - INFO - Results exported to CSV at D:\BI\fds_reader\data\results.csv
2025-10-30 14:15:15 - fds_reader - INFO - Loading results from DuckDB
2025-10-30 14:15:16 - fds_reader - INFO - Results exported to Excel at D:\BI\fds_reader\data\results.xlsx
2025-10-30 14:15:16 - fds_reader - INFO - Loading results from DuckDB
2025-10-30 14:28:22 - fds_reader - INFO - Processing 3 examples from D:\BI\fds_reader\examples
2025-10-30 14:28:22 - fds_reader - INFO - Connected to DuckDB database at D:\BI\fds_reader\data\duckdb\extractions.db
2025-10-30 14:28:22 - fds_reader - INFO - LLM usage disabled via CLI flag; relying on heuristics only.
2025-10-30 14:28:22 - fds_reader - INFO - Processing document D:\BI\fds_reader\examples\7HF_FDS_Portugues.pdf
2025-10-30 14:28:22 - fds_reader - INFO - Document already registered: 7HF_FDS_Portugues.pdf
2025-10-30 14:28:22 - fds_reader - INFO - Extracting PDF: 7HF_FDS_Portugues.pdf
2025-10-30 14:28:23 - fds_reader - INFO - Updating document 1 status to success (error=None)
2025-10-30 14:28:23 - fds_reader - INFO - Document D:\BI\fds_reader\examples\7HF_FDS_Portugues.pdf processed in 1.64s
2025-10-30 14:28:23 - fds_reader - INFO - Processing document D:\BI\fds_reader\examples\841578_SDS_BR_Z9.PDF
2025-10-30 14:28:23 - fds_reader - INFO - Document already registered: 841578_SDS_BR_Z9.PDF
2025-10-30 14:28:23 - fds_reader - INFO - Extracting PDF: 841578_SDS_BR_Z9.PDF
2025-10-30 14:28:25 - fds_reader - INFO - Updating document 2 status to success (error=None)
2025-10-30 14:28:25 - fds_reader - INFO - Document D:\BI\fds_reader\examples\841578_SDS_BR_Z9.PDF processed in 1.40s
2025-10-30 14:28:25 - fds_reader - INFO - Processing document D:\BI\fds_reader\examples\FDS-OEM-ADVANCED-05-PRONTO-PARA-USO.pdf
2025-10-30 14:28:25 - fds_reader - INFO - Document already registered: FDS-OEM-ADVANCED-05-PRONTO-PARA-USO.pdf
2025-10-30 14:28:25 - fds_reader - INFO - Extracting PDF: FDS-OEM-ADVANCED-05-PRONTO-PARA-USO.pdf
2025-10-30 14:28:26 - fds_reader - INFO - Updating document 3 status to success (error=None)
2025-10-30 14:28:26 - fds_reader - INFO - Document D:\BI\fds_reader\examples\FDS-OEM-ADVANCED-05-PRONTO-PARA-USO.pdf processed in 1.12s
2025-10-30 14:28:26 - fds_reader - INFO - Finished. Summary of extracted fields:

2025-10-30 14:28:26 - fds_reader - INFO - FDS-OEM-ADVANCED-05-PRONTO-PARA-USO.pdf -> ONU: 2024 (0.85, warning) | CAS: 107-21-1 (0.80, warning) | Classe: NAO ENCONTRADO (0.00, invalid)
2025-10-30 14:28:26 - fds_reader - INFO - 841578_SDS_BR_Z9.PDF -> ONU: 2024 (0.85, warning) | CAS: 89-60-1 (0.80, warning) | Classe: NAO ENCONTRADO (0.00, invalid)
2025-10-30 14:28:26 - fds_reader - INFO - 7HF_FDS_Portugues.pdf -> ONU: 2024 (0.85, warning) | CAS: 64742-47-8 (0.80, warning) | Classe: NAO ENCONTRADO (0.00, invalid)
2025-10-30 14:28:26 - fds_reader - INFO - Connected to DuckDB database at D:\BI\fds_reader\data\duckdb\extractions.db
2025-10-30 14:43:53 - fds_reader - INFO - Connected to DuckDB database at D:\BI\fds_reader\data\duckdb\extractions.db
2025-10-30 14:43:53 - fds_reader - INFO - Starting processing queue with 1 worker(s)
2025-10-30 14:48:33 - fds_reader - INFO - Connected to DuckDB database at D:\BI\fds_reader\data\duckdb\extractions.db
2025-10-30 14:48:34 - fds_reader - INFO - Starting processing queue with 1 worker(s)
2025-10-30 14:50:30 - fds_reader - INFO - Shutting down application.
2025-10-30 14:50:30 - fds_reader - INFO - Stopping processing queue
2025-10-30 14:50:36 - fds_reader - INFO - Processing 3 examples from D:\BI\fds_reader\examples
2025-10-30 14:50:36 - fds_reader - INFO - Connected to DuckDB database at D:\BI\fds_reader\data\duckdb\extractions.db
2025-10-30 14:50:36 - fds_reader - INFO - LLM usage disabled via CLI flag; relying on heuristics only.
2025-10-30 14:50:36 - fds_reader - INFO - Processing document D:\BI\fds_reader\examples\7HF_FDS_Portugues.pdf
2025-10-30 14:50:37 - fds_reader - INFO - Document already registered: 7HF_FDS_Portugues.pdf
2025-10-30 14:50:37 - fds_reader - INFO - Extracting PDF: 7HF_FDS_Portugues.pdf
2025-10-30 14:50:38 - fds_reader - INFO - Updating document 1 status to success (error=None)
2025-10-30 14:50:38 - fds_reader - INFO - Document D:\BI\fds_reader\examples\7HF_FDS_Portugues.pdf processed in 1.33s
2025-10-30 14:50:38 - fds_reader - INFO - Processing document D:\BI\fds_reader\examples\841578_SDS_BR_Z9.PDF
2025-10-30 14:50:38 - fds_reader - INFO - Document already registered: 841578_SDS_BR_Z9.PDF
2025-10-30 14:50:38 - fds_reader - INFO - Extracting PDF: 841578_SDS_BR_Z9.PDF
2025-10-30 14:50:39 - fds_reader - INFO - Updating document 2 status to success (error=None)
2025-10-30 14:50:39 - fds_reader - INFO - Document D:\BI\fds_reader\examples\841578_SDS_BR_Z9.PDF processed in 1.14s
2025-10-30 14:50:39 - fds_reader - INFO - Processing document D:\BI\fds_reader\examples\FDS-OEM-ADVANCED-05-PRONTO-PARA-USO.pdf
2025-10-30 14:50:39 - fds_reader - INFO - Document already registered: FDS-OEM-ADVANCED-05-PRONTO-PARA-USO.pdf
2025-10-30 14:50:39 - fds_reader - INFO - Extracting PDF: FDS-OEM-ADVANCED-05-PRONTO-PARA-USO.pdf
2025-10-30 14:50:40 - fds_reader - INFO - Updating document 3 status to success (error=None)
2025-10-30 14:50:40 - fds_reader - INFO - Document D:\BI\fds_reader\examples\FDS-OEM-ADVANCED-05-PRONTO-PARA-USO.pdf processed in 0.87s
2025-10-30 14:50:40 - fds_reader - INFO - Finished. Summary of extracted fields:

2025-10-30 14:50:40 - fds_reader - INFO - FDS-OEM-ADVANCED-05-PRONTO-PARA-USO.pdf -> ONU: 2024 (0.85, warning) | CAS: 107-21-1 (0.80, warning) | Classe: NAO ENCONTRADO (0.00, invalid)
2025-10-30 14:50:40 - fds_reader - INFO - 841578_SDS_BR_Z9.PDF -> ONU: 2024 (0.85, warning) | CAS: 89-60-1 (0.80, warning) | Classe: NAO ENCONTRADO (0.00, invalid)
2025-10-30 14:50:40 - fds_reader - INFO - 7HF_FDS_Portugues.pdf -> ONU: 2024 (0.85, warning) | CAS: 64742-47-8 (0.80, warning) | Classe: NAO ENCONTRADO (0.00, invalid)
2025-10-30 14:52:40 - fds_reader - INFO - Connected to DuckDB database at D:\BI\fds_reader\data\duckdb\extractions.db
2025-10-30 14:52:40 - fds_reader - INFO - Starting processing queue with 1 worker(s)
2025-10-30 14:54:18 - fds_reader - INFO - Connected to DuckDB database at D:\BI\fds_reader\data\duckdb\extractions.db
2025-10-30 14:54:18 - fds_reader - INFO - Starting processing queue with 1 worker(s)
2025-10-30 14:55:38 - fds_reader - INFO - Shutting down application.
2025-10-30 14:55:38 - fds_reader - INFO - Stopping processing queue
2025-10-30 14:59:07 - fds_reader - INFO - Connected to DuckDB database at D:\BI\fds_reader\data\duckdb\extractions.db
2025-10-30 14:59:07 - fds_reader - INFO - Starting processing queue with 1 worker(s)
2025-10-30 15:00:08 - fds_reader - INFO - Connected to DuckDB database at D:\BI\fds_reader\data\duckdb\extractions.db
2025-10-30 15:00:08 - fds_reader - INFO - Starting processing queue with 1 worker(s)
2025-10-30 15:01:15 - fds_reader - INFO - Shutting down application.
2025-10-30 15:01:15 - fds_reader - INFO - Stopping processing queue
2025-10-30 15:22:24 - fds_reader - INFO - Gemini: searching online for fields: ['numero_onu', 'numero_cas']
2025-10-30 15:22:24 - fds_reader - INFO - Gemini online search completed for 2 fields
2025-10-30 15:24:11 - fds_reader - INFO - Connected to DuckDB database at D:\BI\fds_reader\data\duckdb\extractions.db
2025-10-30 15:24:11 - fds_reader - INFO - Starting processing queue with 1 worker(s)
2025-10-30 15:25:02 - fds_reader - INFO - Shutting down application.
2025-10-30 15:25:02 - fds_reader - INFO - Stopping processing queue
2025-10-30 15:27:44 - fds_reader - INFO - Connected to DuckDB database at D:\BI\fds_reader\data\duckdb\extractions.db
2025-10-30 15:27:45 - fds_reader - INFO - Starting processing queue with 1 worker(s)
2025-10-30 15:37:19 - fds_reader - INFO - Shutting down application.
2025-10-30 15:37:19 - fds_reader - INFO - Stopping processing queue
2025-10-30 15:37:32 - fds_reader - INFO - Connected to DuckDB database at D:\BI\fds_reader\data\duckdb\extractions.db
2025-10-30 15:37:32 - fds_reader - INFO - Starting processing queue with 1 worker(s)
2025-10-30 15:37:43 - fds_reader - INFO - Shutting down application.
2025-10-30 15:37:43 - fds_reader - INFO - Stopping processing queue
2025-10-30 15:39:57 - fds_reader - INFO - Connected to DuckDB database at D:\BI\fds_reader\data\duckdb\extractions.db
2025-10-30 15:39:57 - fds_reader - INFO - Starting processing queue with 1 worker(s)
2025-10-30 15:40:28 - fds_reader - INFO - Searching online for 4 missing fields: ['classificacao_onu', 'nome_produto', 'fabricante', 'grupo_embalagem']
2025-10-30 15:40:28 - fds_reader - INFO - Gemini: searching online for fields: ['classificacao_onu', 'nome_produto', 'fabricante', 'grupo_embalagem']
2025-10-30 15:40:33 - fds_reader - INFO - Gemini online search completed for 4 fields
2025-10-30 15:40:33 - fds_reader - INFO - Updated classificacao_onu from online search: 3 (confidence: 0.90)
2025-10-30 15:40:33 - fds_reader - INFO - Updated nome_produto from online search: Etilenoglicol (confidence: 1.00)
2025-10-30 15:40:33 - fds_reader - INFO - Updated fabricante from online search: Sigma-Aldrich (exemplo); vários fabricantes (confidence: 0.70)
2025-10-30 15:40:33 - fds_reader - INFO - Updated grupo_embalagem from online search: III (confidence: 0.90)
2025-10-30 15:40:41 - fds_reader - INFO - Searching online for 4 missing fields: ['classificacao_onu', 'nome_produto', 'fabricante', 'grupo_embalagem']
2025-10-30 15:40:41 - fds_reader - INFO - Gemini: searching online for fields: ['classificacao_onu', 'nome_produto', 'fabricante', 'grupo_embalagem']
2025-10-30 15:40:45 - fds_reader - INFO - Gemini online search completed for 4 fields
2025-10-30 15:40:45 - fds_reader - INFO - Updated classificacao_onu from online search: 3 (confidence: 0.95)
2025-10-30 15:40:45 - fds_reader - INFO - Updated nome_produto from online search: Ácido Tioglicólico (confidence: 0.95)
2025-10-30 15:40:45 - fds_reader - INFO - Updated fabricante from online search: Sigma-Aldrich (confidence: 0.70)
2025-10-30 15:40:45 - fds_reader - INFO - Updated grupo_embalagem from online search: II (confidence: 0.80)
2025-10-30 15:40:59 - fds_reader - INFO - Searching online for 4 missing fields: ['classificacao_onu', 'nome_produto', 'fabricante', 'grupo_embalagem']
2025-10-30 15:40:59 - fds_reader - INFO - Gemini: searching online for fields: ['classificacao_onu', 'nome_produto', 'fabricante', 'grupo_embalagem']
2025-10-30 15:41:02 - fds_reader - INFO - Gemini online search completed for 4 fields
2025-10-30 15:41:02 - fds_reader - INFO - Updated classificacao_onu from online search: 3 (confidence: 0.90)
2025-10-30 15:41:02 - fds_reader - INFO - Updated nome_produto from online search: Destilados (petróleo), hidrotratados leves (confidence: 0.80)
2025-10-30 15:41:02 - fds_reader - INFO - Updated grupo_embalagem from online search: III (confidence: 0.70)
2025-10-30 15:41:38 - fds_reader - INFO - Shutting down application.
2025-10-30 15:41:38 - fds_reader - INFO - Stopping processing queue
2025-10-30 15:54:37 - fds_reader - INFO - Connected to DuckDB database at D:\BI\fds_reader\data\duckdb\extractions.db
2025-10-30 15:54:37 - fds_reader - INFO - Starting processing queue with 1 worker(s)
2025-10-30 15:56:47 - fds_reader - INFO - Shutting down application.
2025-10-30 15:56:47 - fds_reader - INFO - Stopping processing queue
2025-10-30 16:05:16 - fds_reader - INFO - Connected to DuckDB database at D:\BI\fds_reader\data\duckdb\extractions.db
2025-10-30 16:05:16 - fds_reader - INFO - Starting processing queue with 1 worker(s)
2025-10-30 16:05:39 - fds_reader - INFO - Searching online for 1 missing fields: ['incompatibilidades']
2025-10-30 16:05:39 - fds_reader - INFO - Gemini: searching online for fields: ['incompatibilidades']
2025-10-30 16:05:41 - fds_reader - INFO - Gemini online search completed for 1 fields
2025-10-30 16:05:41 - fds_reader - INFO - Updated incompatibilidades from online search: O etilenoglicol é incompatível com agentes oxidantes fortes, ácidos fortes, bases fortes, cloretos de acilo, anidridos de ácido, metais alcalinos e alguns plásticos e borrachas. Pode reagir violentamente com oxidantes fortes como percloratos, permanganatos, nitratos e ácido crômico. O etilenoglicol ataca cobre, borracha e revestimentos. Evite contato com materiais reativos. (confidence: 0.90)
2025-10-30 16:08:36 - fds_reader - INFO - Shutting down application.
2025-10-30 16:08:36 - fds_reader - INFO - Stopping processing queue
2025-10-30 16:14:29 - fds_reader - INFO - Connected to DuckDB database at D:\BI\fds_reader\data\duckdb\extractions.db
2025-10-30 16:14:29 - fds_reader - INFO - Starting processing queue with 1 worker(s)
2025-10-30 16:15:36 - fds_reader - INFO - Shutting down application.
2025-10-30 16:15:36 - fds_reader - INFO - Stopping processing queue
2025-10-30 16:21:22 - fds_reader - INFO - Connected to DuckDB database at D:\BI\fds_reader\data\duckdb\extractions.db
2025-10-30 16:21:22 - fds_reader - INFO - Starting processing queue with 1 worker(s)
2025-10-30 16:21:35 - fds_reader - INFO - Shutting down application.
2025-10-30 16:21:35 - fds_reader - INFO - Stopping processing queue
2025-10-30 16:23:14 - fds_reader - INFO - Connected to DuckDB database at D:\BI\fds_reader\data\duckdb\extractions.db
2025-10-30 16:23:14 - fds_reader - INFO - Starting processing queue with 1 worker(s)
2025-10-30 16:23:32 - fds_reader - INFO - Shutting down application.
2025-10-30 16:23:32 - fds_reader - INFO - Stopping processing queue
2025-10-30 16:31:48 - fds_reader - INFO - Connected to DuckDB database at D:\BI\fds_reader\data\duckdb\extractions.db
2025-10-30 16:31:48 - fds_reader - INFO - Starting processing queue with 1 worker(s)
2025-10-30 16:32:05 - fds_reader - INFO - Shutting down application.
2025-10-30 16:32:05 - fds_reader - INFO - Stopping processing queue
2025-11-07 07:59:13 - fds_reader - INFO - Processing document /tmp/pytest-of-rdmd/pytest-0/test_high_confidence_heuristic0/test.pdf
2025-11-07 07:59:13 - fds_reader - INFO - Document /tmp/pytest-of-rdmd/pytest-0/test_high_confidence_heuristic0/test.pdf processed in 0.00s
2025-11-07 07:59:13 - fds_reader - INFO - Searching online for 1 missing fields: ['incompatibilidades']
2025-11-07 07:59:13 - fds_reader - INFO - Processing document /tmp/pytest-of-rdmd/pytest-0/test_low_confidence_uses_llm0/test.pdf
2025-11-07 07:59:13 - fds_reader - INFO - Document /tmp/pytest-of-rdmd/pytest-0/test_low_confidence_uses_llm0/test.pdf processed in 0.00s
2025-11-07 07:59:13 - fds_reader - INFO - Searching online for 1 missing fields: ['incompatibilidades']
2025-11-07 07:59:13 - fds_reader - INFO - Processing document /tmp/pytest-of-rdmd/pytest-0/test_file_size_validation0/large.pdf
2025-11-07 07:59:13 - fds_reader - INFO - Processing document /tmp/pytest-of-rdmd/pytest-0/test_error_handling_and_status0/error.pdf
2025-11-07 07:59:13 - fds_reader - ERROR - Failed to process document /tmp/pytest-of-rdmd/pytest-0/test_error_handling_and_status0/error.pdf
Traceback (most recent call last):
  File "/media/rdmd/5B7DD5A264DC7966/BI/fds_reader/src/core/document_processor.py", line 144, in process
    data = extractor.extract(file_path)
  File "/home/rdmd/.local/share/mise/installs/python/3.14.0/lib/python3.14/unittest/mock.py", line 1175, in __call__
    return self._mock_call(*args, **kwargs)
           ~~~~~~~~~~~~~~~^^^^^^^^^^^^^^^^^
  File "/home/rdmd/.local/share/mise/installs/python/3.14.0/lib/python3.14/unittest/mock.py", line 1179, in _mock_call
    return self._execute_mock_call(*args, **kwargs)
           ~~~~~~~~~~~~~~~~~~~~~~~^^^^^^^^^^^^^^^^^
  File "/home/rdmd/.local/share/mise/installs/python/3.14.0/lib/python3.14/unittest/mock.py", line 1234, in _execute_mock_call
    raise effect
Exception: Extraction failed
2025-11-07 07:59:13 - fds_reader - INFO - Searching online for 1 missing fields: ['incompatibilidades']
2025-11-07 07:59:13 - fds_reader - INFO - Processing document /tmp/pytest-of-rdmd/pytest-0/test_no_llm_client_uses_heuris0/test.pdf
2025-11-07 07:59:13 - fds_reader - INFO - Document /tmp/pytest-of-rdmd/pytest-0/test_no_llm_client_uses_heuris0/test.pdf processed in 0.00s
2025-11-07 07:59:13 - fds_reader - INFO - Gemini: searching online for fields: ['numero_onu', 'numero_cas']
2025-11-07 07:59:13 - fds_reader - INFO - Gemini online search completed for 2 fields
2025-11-07 08:13:43 - fds_reader - INFO - Processing document /tmp/pytest-of-rdmd/pytest-1/test_low_confidence_uses_llm0/test.pdf
2025-11-07 08:13:43 - fds_reader - INFO - Document /tmp/pytest-of-rdmd/pytest-1/test_low_confidence_uses_llm0/test.pdf processed in 0.00s
2025-11-07 08:13:48 - fds_reader - INFO - Processing document /tmp/pytest-of-rdmd/pytest-2/test_high_confidence_heuristic0/test.pdf
2025-11-07 08:13:48 - fds_reader - INFO - Document /tmp/pytest-of-rdmd/pytest-2/test_high_confidence_heuristic0/test.pdf processed in 0.00s
2025-11-07 08:13:48 - fds_reader - INFO - Searching online for 1 missing fields: ['incompatibilidades']
2025-11-07 08:13:48 - fds_reader - INFO - Processing document /tmp/pytest-of-rdmd/pytest-2/test_low_confidence_uses_llm0/test.pdf
2025-11-07 08:13:48 - fds_reader - INFO - Document /tmp/pytest-of-rdmd/pytest-2/test_low_confidence_uses_llm0/test.pdf processed in 0.00s
2025-11-07 08:13:48 - fds_reader - INFO - Processing document /tmp/pytest-of-rdmd/pytest-2/test_file_size_validation0/large.pdf
2025-11-07 08:13:48 - fds_reader - INFO - Processing document /tmp/pytest-of-rdmd/pytest-2/test_error_handling_and_status0/error.pdf
2025-11-07 08:13:48 - fds_reader - ERROR - Failed to process document /tmp/pytest-of-rdmd/pytest-2/test_error_handling_and_status0/error.pdf
Traceback (most recent call last):
  File "/media/rdmd/5B7DD5A264DC7966/BI/fds_reader/src/core/document_processor.py", line 144, in process
    data = extractor.extract(file_path)
  File "/home/rdmd/.local/share/mise/installs/python/3.14.0/lib/python3.14/unittest/mock.py", line 1175, in __call__
    return self._mock_call(*args, **kwargs)
           ~~~~~~~~~~~~~~~^^^^^^^^^^^^^^^^^
  File "/home/rdmd/.local/share/mise/installs/python/3.14.0/lib/python3.14/unittest/mock.py", line 1179, in _mock_call
    return self._execute_mock_call(*args, **kwargs)
           ~~~~~~~~~~~~~~~~~~~~~~~^^^^^^^^^^^^^^^^^
  File "/home/rdmd/.local/share/mise/installs/python/3.14.0/lib/python3.14/unittest/mock.py", line 1234, in _execute_mock_call
    raise effect
Exception: Extraction failed
2025-11-07 08:13:48 - fds_reader - INFO - Searching online for 1 missing fields: ['incompatibilidades']
2025-11-07 08:13:48 - fds_reader - INFO - Processing document /tmp/pytest-of-rdmd/pytest-2/test_no_llm_client_uses_heuris0/test.pdf
2025-11-07 08:13:48 - fds_reader - INFO - Document /tmp/pytest-of-rdmd/pytest-2/test_no_llm_client_uses_heuris0/test.pdf processed in 0.00s
2025-11-07 08:13:48 - fds_reader - INFO - Gemini: searching online for fields: ['numero_onu', 'numero_cas']
2025-11-07 08:13:48 - fds_reader - INFO - Gemini online search completed for 2 fields
2025-11-07 08:14:53 - fds_reader - INFO - Processing document /tmp/pytest-of-rdmd/pytest-3/test_empty_heuristics_triggers0/test.pdf
2025-11-07 08:14:53 - fds_reader - INFO - Document /tmp/pytest-of-rdmd/pytest-3/test_empty_heuristics_triggers0/test.pdf processed in 0.00s
2025-11-07 08:14:53 - fds_reader - INFO - Processing document /tmp/pytest-of-rdmd/pytest-3/test_empty_heuristics_stores_n0/test.pdf
2025-11-07 08:14:53 - fds_reader - INFO - Document /tmp/pytest-of-rdmd/pytest-3/test_empty_heuristics_stores_n0/test.pdf processed in 0.00s
2025-11-07 08:14:53 - fds_reader - INFO - Processing document /tmp/pytest-of-rdmd/pytest-3/test_llm_timeout_falls_back_to0/test.pdf
2025-11-07 08:14:53 - fds_reader - INFO - Document /tmp/pytest-of-rdmd/pytest-3/test_llm_timeout_falls_back_to0/test.pdf processed in 0.00s
2025-11-07 08:14:53 - fds_reader - INFO - Processing document /tmp/pytest-of-rdmd/pytest-3/test_llm_network_error_handlin0/test.pdf
2025-11-07 08:14:53 - fds_reader - ERROR - Failed to process document /tmp/pytest-of-rdmd/pytest-3/test_llm_network_error_handlin0/test.pdf
Traceback (most recent call last):
  File "/media/rdmd/5B7DD5A264DC7966/BI/fds_reader/src/core/document_processor.py", line 161, in process
    self._run_field_extractions(document_id, chunks, heuristic_hints, force_skip_llm=skip_local_llm)
    ~~~~~~~~~~~~~~~~~~~~~~~~~~~^^^^^^^^^^^^^^^^^^^^^^^^^^^^^^^^^^^^^^^^^^^^^^^^^^^^^^^^^^^^^^^^^^^^^
  File "/media/rdmd/5B7DD5A264DC7966/BI/fds_reader/src/core/document_processor.py", line 242, in _run_field_extractions
    response = self.llm.extract_field(
        field_name=field.label,
        prompt_template=prompt,
    )
  File "/home/rdmd/.local/share/mise/installs/python/3.14.0/lib/python3.14/unittest/mock.py", line 1175, in __call__
    return self._mock_call(*args, **kwargs)
           ~~~~~~~~~~~~~~~^^^^^^^^^^^^^^^^^
  File "/home/rdmd/.local/share/mise/installs/python/3.14.0/lib/python3.14/unittest/mock.py", line 1179, in _mock_call
    return self._execute_mock_call(*args, **kwargs)
           ~~~~~~~~~~~~~~~~~~~~~~~^^^^^^^^^^^^^^^^^
  File "/home/rdmd/.local/share/mise/installs/python/3.14.0/lib/python3.14/unittest/mock.py", line 1234, in _execute_mock_call
    raise effect
ConnectionError: Network error
2025-11-07 08:14:53 - fds_reader - INFO - Processing document /tmp/pytest-of-rdmd/pytest-3/test_corrupted_pdf_extraction_0/corrupted.pdf
2025-11-07 08:14:53 - fds_reader - ERROR - Failed to process document /tmp/pytest-of-rdmd/pytest-3/test_corrupted_pdf_extraction_0/corrupted.pdf
Traceback (most recent call last):
  File "/media/rdmd/5B7DD5A264DC7966/BI/fds_reader/src/core/document_processor.py", line 144, in process
    data = extractor.extract(file_path)
  File "/home/rdmd/.local/share/mise/installs/python/3.14.0/lib/python3.14/unittest/mock.py", line 1175, in __call__
    return self._mock_call(*args, **kwargs)
           ~~~~~~~~~~~~~~~^^^^^^^^^^^^^^^^^
  File "/home/rdmd/.local/share/mise/installs/python/3.14.0/lib/python3.14/unittest/mock.py", line 1179, in _mock_call
    return self._execute_mock_call(*args, **kwargs)
           ~~~~~~~~~~~~~~~~~~~~~~~^^^^^^^^^^^^^^^^^
  File "/home/rdmd/.local/share/mise/installs/python/3.14.0/lib/python3.14/unittest/mock.py", line 1234, in _execute_mock_call
    raise effect
Exception: PDF extraction failed
2025-11-07 08:14:53 - fds_reader - INFO - Searching online for 1 missing fields: ['incompatibilidades']
2025-11-07 08:14:53 - fds_reader - INFO - Processing document /tmp/pytest-of-rdmd/pytest-3/test_empty_pdf_no_text_extract0/empty.pdf
2025-11-07 08:14:53 - fds_reader - WARNING - Nenhum conteudo encontrado para o documento 1
2025-11-07 08:14:53 - fds_reader - INFO - Document /tmp/pytest-of-rdmd/pytest-3/test_empty_pdf_no_text_extract0/empty.pdf processed in 0.00s
2025-11-07 08:14:53 - fds_reader - INFO - Processing document /tmp/pytest-of-rdmd/pytest-3/test_confidence_exactly_at_thr0/test.pdf
2025-11-07 08:14:53 - fds_reader - INFO - Document /tmp/pytest-of-rdmd/pytest-3/test_confidence_exactly_at_thr0/test.pdf processed in 0.00s
2025-11-07 08:14:53 - fds_reader - INFO - Processing document /tmp/pytest-of-rdmd/pytest-3/test_custom_confidence_thresho0/test.pdf
2025-11-07 08:14:53 - fds_reader - INFO - Document /tmp/pytest-of-rdmd/pytest-3/test_custom_confidence_thresho0/test.pdf processed in 0.00s
2025-11-07 08:14:53 - fds_reader - INFO - Processing document /tmp/pytest-of-rdmd/pytest-3/test_online_mode_skips_local_l0/test.pdf
2025-11-07 08:14:53 - fds_reader - INFO - Document /tmp/pytest-of-rdmd/pytest-3/test_online_mode_skips_local_l0/test.pdf processed in 0.00s
2025-11-07 08:14:53 - fds_reader - INFO - Searching online for 1 missing fields: ['incompatibilidades']
2025-11-07 08:14:53 - fds_reader - INFO - Processing document /tmp/pytest-of-rdmd/pytest-3/test_local_mode_uses_llm_for_l0/test.pdf
2025-11-07 08:14:53 - fds_reader - INFO - Document /tmp/pytest-of-rdmd/pytest-3/test_local_mode_uses_llm_for_l0/test.pdf processed in 0.00s
2025-11-07 08:16:26 - fds_reader - INFO - Processing document /tmp/pytest-of-rdmd/pytest-4/test_empty_heuristics_triggers0/test.pdf
2025-11-07 08:16:26 - fds_reader - INFO - Document /tmp/pytest-of-rdmd/pytest-4/test_empty_heuristics_triggers0/test.pdf processed in 0.00s
2025-11-07 08:16:26 - fds_reader - INFO - Processing document /tmp/pytest-of-rdmd/pytest-4/test_empty_heuristics_stores_n0/test.pdf
2025-11-07 08:16:26 - fds_reader - INFO - Document /tmp/pytest-of-rdmd/pytest-4/test_empty_heuristics_stores_n0/test.pdf processed in 0.00s
2025-11-07 08:16:26 - fds_reader - INFO - Processing document /tmp/pytest-of-rdmd/pytest-4/test_llm_timeout_falls_back_to0/test.pdf
2025-11-07 08:16:26 - fds_reader - INFO - Document /tmp/pytest-of-rdmd/pytest-4/test_llm_timeout_falls_back_to0/test.pdf processed in 0.00s
2025-11-07 08:16:26 - fds_reader - INFO - Processing document /tmp/pytest-of-rdmd/pytest-4/test_llm_network_error_handlin0/test.pdf
2025-11-07 08:16:26 - fds_reader - ERROR - Failed to process document /tmp/pytest-of-rdmd/pytest-4/test_llm_network_error_handlin0/test.pdf
Traceback (most recent call last):
  File "/media/rdmd/5B7DD5A264DC7966/BI/fds_reader/src/core/document_processor.py", line 161, in process
    self._run_field_extractions(document_id, chunks, heuristic_hints, force_skip_llm=skip_local_llm)
    ~~~~~~~~~~~~~~~~~~~~~~~~~~~^^^^^^^^^^^^^^^^^^^^^^^^^^^^^^^^^^^^^^^^^^^^^^^^^^^^^^^^^^^^^^^^^^^^^
  File "/media/rdmd/5B7DD5A264DC7966/BI/fds_reader/src/core/document_processor.py", line 242, in _run_field_extractions
    response = self.llm.extract_field(
        field_name=field.label,
        prompt_template=prompt,
    )
  File "/home/rdmd/.local/share/mise/installs/python/3.14.0/lib/python3.14/unittest/mock.py", line 1175, in __call__
    return self._mock_call(*args, **kwargs)
           ~~~~~~~~~~~~~~~^^^^^^^^^^^^^^^^^
  File "/home/rdmd/.local/share/mise/installs/python/3.14.0/lib/python3.14/unittest/mock.py", line 1179, in _mock_call
    return self._execute_mock_call(*args, **kwargs)
           ~~~~~~~~~~~~~~~~~~~~~~~^^^^^^^^^^^^^^^^^
  File "/home/rdmd/.local/share/mise/installs/python/3.14.0/lib/python3.14/unittest/mock.py", line 1234, in _execute_mock_call
    raise effect
ConnectionError: Network error
2025-11-07 08:16:26 - fds_reader - INFO - Processing document /tmp/pytest-of-rdmd/pytest-4/test_corrupted_pdf_extraction_0/corrupted.pdf
2025-11-07 08:16:26 - fds_reader - ERROR - Failed to process document /tmp/pytest-of-rdmd/pytest-4/test_corrupted_pdf_extraction_0/corrupted.pdf
Traceback (most recent call last):
  File "/media/rdmd/5B7DD5A264DC7966/BI/fds_reader/src/core/document_processor.py", line 144, in process
    data = extractor.extract(file_path)
  File "/home/rdmd/.local/share/mise/installs/python/3.14.0/lib/python3.14/unittest/mock.py", line 1175, in __call__
    return self._mock_call(*args, **kwargs)
           ~~~~~~~~~~~~~~~^^^^^^^^^^^^^^^^^
  File "/home/rdmd/.local/share/mise/installs/python/3.14.0/lib/python3.14/unittest/mock.py", line 1179, in _mock_call
    return self._execute_mock_call(*args, **kwargs)
           ~~~~~~~~~~~~~~~~~~~~~~~^^^^^^^^^^^^^^^^^
  File "/home/rdmd/.local/share/mise/installs/python/3.14.0/lib/python3.14/unittest/mock.py", line 1234, in _execute_mock_call
    raise effect
Exception: PDF extraction failed
2025-11-07 08:16:26 - fds_reader - INFO - Searching online for 1 missing fields: ['incompatibilidades']
2025-11-07 08:16:26 - fds_reader - INFO - Processing document /tmp/pytest-of-rdmd/pytest-4/test_empty_pdf_no_text_extract0/empty.pdf
2025-11-07 08:16:26 - fds_reader - WARNING - Nenhum conteudo encontrado para o documento 1
2025-11-07 08:16:26 - fds_reader - INFO - Document /tmp/pytest-of-rdmd/pytest-4/test_empty_pdf_no_text_extract0/empty.pdf processed in 0.00s
2025-11-07 08:16:26 - fds_reader - INFO - Processing document /tmp/pytest-of-rdmd/pytest-4/test_confidence_exactly_at_thr0/test.pdf
2025-11-07 08:16:26 - fds_reader - INFO - Document /tmp/pytest-of-rdmd/pytest-4/test_confidence_exactly_at_thr0/test.pdf processed in 0.00s
2025-11-07 08:16:26 - fds_reader - INFO - Processing document /tmp/pytest-of-rdmd/pytest-4/test_custom_confidence_thresho0/test.pdf
2025-11-07 08:16:26 - fds_reader - INFO - Document /tmp/pytest-of-rdmd/pytest-4/test_custom_confidence_thresho0/test.pdf processed in 0.00s
2025-11-07 08:16:26 - fds_reader - INFO - Processing document /tmp/pytest-of-rdmd/pytest-4/test_online_mode_skips_local_l0/test.pdf
2025-11-07 08:16:26 - fds_reader - INFO - Document /tmp/pytest-of-rdmd/pytest-4/test_online_mode_skips_local_l0/test.pdf processed in 0.00s
2025-11-07 08:16:26 - fds_reader - INFO - Searching online for 1 missing fields: ['incompatibilidades']
2025-11-07 08:16:26 - fds_reader - INFO - Processing document /tmp/pytest-of-rdmd/pytest-4/test_local_mode_uses_llm_for_l0/test.pdf
2025-11-07 08:16:26 - fds_reader - INFO - Document /tmp/pytest-of-rdmd/pytest-4/test_local_mode_uses_llm_for_l0/test.pdf processed in 0.00s
2025-11-07 08:16:31 - fds_reader - INFO - Processing document /tmp/pytest-of-rdmd/pytest-5/test_high_confidence_heuristic0/test.pdf
2025-11-07 08:16:31 - fds_reader - INFO - Document /tmp/pytest-of-rdmd/pytest-5/test_high_confidence_heuristic0/test.pdf processed in 0.00s
2025-11-07 08:16:31 - fds_reader - INFO - Searching online for 1 missing fields: ['incompatibilidades']
2025-11-07 08:16:31 - fds_reader - INFO - Processing document /tmp/pytest-of-rdmd/pytest-5/test_low_confidence_uses_llm0/test.pdf
2025-11-07 08:16:31 - fds_reader - INFO - Document /tmp/pytest-of-rdmd/pytest-5/test_low_confidence_uses_llm0/test.pdf processed in 0.00s
2025-11-07 08:16:31 - fds_reader - INFO - Processing document /tmp/pytest-of-rdmd/pytest-5/test_file_size_validation0/large.pdf
2025-11-07 08:16:31 - fds_reader - INFO - Processing document /tmp/pytest-of-rdmd/pytest-5/test_error_handling_and_status0/error.pdf
2025-11-07 08:16:31 - fds_reader - ERROR - Failed to process document /tmp/pytest-of-rdmd/pytest-5/test_error_handling_and_status0/error.pdf
Traceback (most recent call last):
  File "/media/rdmd/5B7DD5A264DC7966/BI/fds_reader/src/core/document_processor.py", line 144, in process
    data = extractor.extract(file_path)
  File "/home/rdmd/.local/share/mise/installs/python/3.14.0/lib/python3.14/unittest/mock.py", line 1175, in __call__
    return self._mock_call(*args, **kwargs)
           ~~~~~~~~~~~~~~~^^^^^^^^^^^^^^^^^
  File "/home/rdmd/.local/share/mise/installs/python/3.14.0/lib/python3.14/unittest/mock.py", line 1179, in _mock_call
    return self._execute_mock_call(*args, **kwargs)
           ~~~~~~~~~~~~~~~~~~~~~~~^^^^^^^^^^^^^^^^^
  File "/home/rdmd/.local/share/mise/installs/python/3.14.0/lib/python3.14/unittest/mock.py", line 1234, in _execute_mock_call
    raise effect
Exception: Extraction failed
2025-11-07 08:16:31 - fds_reader - INFO - Searching online for 1 missing fields: ['incompatibilidades']
2025-11-07 08:16:31 - fds_reader - INFO - Processing document /tmp/pytest-of-rdmd/pytest-5/test_no_llm_client_uses_heuris0/test.pdf
2025-11-07 08:16:31 - fds_reader - INFO - Document /tmp/pytest-of-rdmd/pytest-5/test_no_llm_client_uses_heuris0/test.pdf processed in 0.00s
2025-11-07 08:16:31 - fds_reader - INFO - Processing document /tmp/pytest-of-rdmd/pytest-5/test_empty_heuristics_triggers0/test.pdf
2025-11-07 08:16:31 - fds_reader - INFO - Document /tmp/pytest-of-rdmd/pytest-5/test_empty_heuristics_triggers0/test.pdf processed in 0.00s
2025-11-07 08:16:31 - fds_reader - INFO - Processing document /tmp/pytest-of-rdmd/pytest-5/test_empty_heuristics_stores_n0/test.pdf
2025-11-07 08:16:31 - fds_reader - INFO - Document /tmp/pytest-of-rdmd/pytest-5/test_empty_heuristics_stores_n0/test.pdf processed in 0.00s
2025-11-07 08:16:31 - fds_reader - INFO - Processing document /tmp/pytest-of-rdmd/pytest-5/test_llm_timeout_falls_back_to0/test.pdf
2025-11-07 08:16:31 - fds_reader - INFO - Document /tmp/pytest-of-rdmd/pytest-5/test_llm_timeout_falls_back_to0/test.pdf processed in 0.00s
2025-11-07 08:16:31 - fds_reader - INFO - Processing document /tmp/pytest-of-rdmd/pytest-5/test_llm_network_error_handlin0/test.pdf
2025-11-07 08:16:31 - fds_reader - ERROR - Failed to process document /tmp/pytest-of-rdmd/pytest-5/test_llm_network_error_handlin0/test.pdf
Traceback (most recent call last):
  File "/media/rdmd/5B7DD5A264DC7966/BI/fds_reader/src/core/document_processor.py", line 161, in process
    self._run_field_extractions(document_id, chunks, heuristic_hints, force_skip_llm=skip_local_llm)
    ~~~~~~~~~~~~~~~~~~~~~~~~~~~^^^^^^^^^^^^^^^^^^^^^^^^^^^^^^^^^^^^^^^^^^^^^^^^^^^^^^^^^^^^^^^^^^^^^
  File "/media/rdmd/5B7DD5A264DC7966/BI/fds_reader/src/core/document_processor.py", line 242, in _run_field_extractions
    response = self.llm.extract_field(
        field_name=field.label,
        prompt_template=prompt,
    )
  File "/home/rdmd/.local/share/mise/installs/python/3.14.0/lib/python3.14/unittest/mock.py", line 1175, in __call__
    return self._mock_call(*args, **kwargs)
           ~~~~~~~~~~~~~~~^^^^^^^^^^^^^^^^^
  File "/home/rdmd/.local/share/mise/installs/python/3.14.0/lib/python3.14/unittest/mock.py", line 1179, in _mock_call
    return self._execute_mock_call(*args, **kwargs)
           ~~~~~~~~~~~~~~~~~~~~~~~^^^^^^^^^^^^^^^^^
  File "/home/rdmd/.local/share/mise/installs/python/3.14.0/lib/python3.14/unittest/mock.py", line 1234, in _execute_mock_call
    raise effect
ConnectionError: Network error
2025-11-07 08:16:31 - fds_reader - INFO - Processing document /tmp/pytest-of-rdmd/pytest-5/test_corrupted_pdf_extraction_0/corrupted.pdf
2025-11-07 08:16:31 - fds_reader - ERROR - Failed to process document /tmp/pytest-of-rdmd/pytest-5/test_corrupted_pdf_extraction_0/corrupted.pdf
Traceback (most recent call last):
  File "/media/rdmd/5B7DD5A264DC7966/BI/fds_reader/src/core/document_processor.py", line 144, in process
    data = extractor.extract(file_path)
  File "/home/rdmd/.local/share/mise/installs/python/3.14.0/lib/python3.14/unittest/mock.py", line 1175, in __call__
    return self._mock_call(*args, **kwargs)
           ~~~~~~~~~~~~~~~^^^^^^^^^^^^^^^^^
  File "/home/rdmd/.local/share/mise/installs/python/3.14.0/lib/python3.14/unittest/mock.py", line 1179, in _mock_call
    return self._execute_mock_call(*args, **kwargs)
           ~~~~~~~~~~~~~~~~~~~~~~~^^^^^^^^^^^^^^^^^
  File "/home/rdmd/.local/share/mise/installs/python/3.14.0/lib/python3.14/unittest/mock.py", line 1234, in _execute_mock_call
    raise effect
Exception: PDF extraction failed
2025-11-07 08:16:31 - fds_reader - INFO - Searching online for 1 missing fields: ['incompatibilidades']
2025-11-07 08:16:31 - fds_reader - INFO - Processing document /tmp/pytest-of-rdmd/pytest-5/test_empty_pdf_no_text_extract0/empty.pdf
2025-11-07 08:16:31 - fds_reader - WARNING - Nenhum conteudo encontrado para o documento 1
2025-11-07 08:16:31 - fds_reader - INFO - Document /tmp/pytest-of-rdmd/pytest-5/test_empty_pdf_no_text_extract0/empty.pdf processed in 0.00s
2025-11-07 08:16:31 - fds_reader - INFO - Processing document /tmp/pytest-of-rdmd/pytest-5/test_confidence_exactly_at_thr0/test.pdf
2025-11-07 08:16:31 - fds_reader - INFO - Document /tmp/pytest-of-rdmd/pytest-5/test_confidence_exactly_at_thr0/test.pdf processed in 0.00s
2025-11-07 08:16:31 - fds_reader - INFO - Processing document /tmp/pytest-of-rdmd/pytest-5/test_custom_confidence_thresho0/test.pdf
2025-11-07 08:16:31 - fds_reader - INFO - Document /tmp/pytest-of-rdmd/pytest-5/test_custom_confidence_thresho0/test.pdf processed in 0.00s
2025-11-07 08:16:31 - fds_reader - INFO - Processing document /tmp/pytest-of-rdmd/pytest-5/test_online_mode_skips_local_l0/test.pdf
2025-11-07 08:16:31 - fds_reader - INFO - Document /tmp/pytest-of-rdmd/pytest-5/test_online_mode_skips_local_l0/test.pdf processed in 0.00s
2025-11-07 08:16:31 - fds_reader - INFO - Searching online for 1 missing fields: ['incompatibilidades']
2025-11-07 08:16:31 - fds_reader - INFO - Processing document /tmp/pytest-of-rdmd/pytest-5/test_local_mode_uses_llm_for_l0/test.pdf
2025-11-07 08:16:31 - fds_reader - INFO - Document /tmp/pytest-of-rdmd/pytest-5/test_local_mode_uses_llm_for_l0/test.pdf processed in 0.00s
2025-11-07 08:16:31 - fds_reader - INFO - Gemini: searching online for fields: ['numero_onu', 'numero_cas']
2025-11-07 08:16:31 - fds_reader - INFO - Gemini online search completed for 2 fields
2025-11-07 08:16:53 - fds_reader - INFO - Processing document /tmp/pytest-of-rdmd/pytest-6/test_high_confidence_heuristic0/test.pdf
2025-11-07 08:16:53 - fds_reader - INFO - Document /tmp/pytest-of-rdmd/pytest-6/test_high_confidence_heuristic0/test.pdf processed in 0.00s
2025-11-07 08:16:53 - fds_reader - INFO - Searching online for 1 missing fields: ['incompatibilidades']
2025-11-07 08:16:53 - fds_reader - INFO - Processing document /tmp/pytest-of-rdmd/pytest-6/test_low_confidence_uses_llm0/test.pdf
2025-11-07 08:16:53 - fds_reader - INFO - Document /tmp/pytest-of-rdmd/pytest-6/test_low_confidence_uses_llm0/test.pdf processed in 0.00s
2025-11-07 08:16:53 - fds_reader - INFO - Processing document /tmp/pytest-of-rdmd/pytest-6/test_file_size_validation0/large.pdf
2025-11-07 08:16:53 - fds_reader - INFO - Processing document /tmp/pytest-of-rdmd/pytest-6/test_error_handling_and_status0/error.pdf
2025-11-07 08:16:53 - fds_reader - ERROR - Failed to process document /tmp/pytest-of-rdmd/pytest-6/test_error_handling_and_status0/error.pdf
Traceback (most recent call last):
  File "/media/rdmd/5B7DD5A264DC7966/BI/fds_reader/src/core/document_processor.py", line 144, in process
    data = extractor.extract(file_path)
  File "/home/rdmd/.local/share/mise/installs/python/3.14.0/lib/python3.14/unittest/mock.py", line 1175, in __call__
    return self._mock_call(*args, **kwargs)
           ~~~~~~~~~~~~~~~^^^^^^^^^^^^^^^^^
  File "/home/rdmd/.local/share/mise/installs/python/3.14.0/lib/python3.14/unittest/mock.py", line 1179, in _mock_call
    return self._execute_mock_call(*args, **kwargs)
           ~~~~~~~~~~~~~~~~~~~~~~~^^^^^^^^^^^^^^^^^
  File "/home/rdmd/.local/share/mise/installs/python/3.14.0/lib/python3.14/unittest/mock.py", line 1234, in _execute_mock_call
    raise effect
Exception: Extraction failed
2025-11-07 08:16:53 - fds_reader - INFO - Searching online for 1 missing fields: ['incompatibilidades']
2025-11-07 08:16:53 - fds_reader - INFO - Processing document /tmp/pytest-of-rdmd/pytest-6/test_no_llm_client_uses_heuris0/test.pdf
2025-11-07 08:16:53 - fds_reader - INFO - Document /tmp/pytest-of-rdmd/pytest-6/test_no_llm_client_uses_heuris0/test.pdf processed in 0.00s
2025-11-07 08:16:53 - fds_reader - INFO - Processing document /tmp/pytest-of-rdmd/pytest-6/test_empty_heuristics_triggers0/test.pdf
2025-11-07 08:16:53 - fds_reader - INFO - Document /tmp/pytest-of-rdmd/pytest-6/test_empty_heuristics_triggers0/test.pdf processed in 0.00s
2025-11-07 08:16:53 - fds_reader - INFO - Processing document /tmp/pytest-of-rdmd/pytest-6/test_empty_heuristics_stores_n0/test.pdf
2025-11-07 08:16:53 - fds_reader - INFO - Document /tmp/pytest-of-rdmd/pytest-6/test_empty_heuristics_stores_n0/test.pdf processed in 0.00s
2025-11-07 08:16:53 - fds_reader - INFO - Processing document /tmp/pytest-of-rdmd/pytest-6/test_llm_timeout_falls_back_to0/test.pdf
2025-11-07 08:16:53 - fds_reader - INFO - Document /tmp/pytest-of-rdmd/pytest-6/test_llm_timeout_falls_back_to0/test.pdf processed in 0.00s
2025-11-07 08:16:53 - fds_reader - INFO - Processing document /tmp/pytest-of-rdmd/pytest-6/test_llm_network_error_handlin0/test.pdf
2025-11-07 08:16:53 - fds_reader - ERROR - Failed to process document /tmp/pytest-of-rdmd/pytest-6/test_llm_network_error_handlin0/test.pdf
Traceback (most recent call last):
  File "/media/rdmd/5B7DD5A264DC7966/BI/fds_reader/src/core/document_processor.py", line 161, in process
    self._run_field_extractions(document_id, chunks, heuristic_hints, force_skip_llm=skip_local_llm)
    ~~~~~~~~~~~~~~~~~~~~~~~~~~~^^^^^^^^^^^^^^^^^^^^^^^^^^^^^^^^^^^^^^^^^^^^^^^^^^^^^^^^^^^^^^^^^^^^^
  File "/media/rdmd/5B7DD5A264DC7966/BI/fds_reader/src/core/document_processor.py", line 242, in _run_field_extractions
    response = self.llm.extract_field(
        field_name=field.label,
        prompt_template=prompt,
    )
  File "/home/rdmd/.local/share/mise/installs/python/3.14.0/lib/python3.14/unittest/mock.py", line 1175, in __call__
    return self._mock_call(*args, **kwargs)
           ~~~~~~~~~~~~~~~^^^^^^^^^^^^^^^^^
  File "/home/rdmd/.local/share/mise/installs/python/3.14.0/lib/python3.14/unittest/mock.py", line 1179, in _mock_call
    return self._execute_mock_call(*args, **kwargs)
           ~~~~~~~~~~~~~~~~~~~~~~~^^^^^^^^^^^^^^^^^
  File "/home/rdmd/.local/share/mise/installs/python/3.14.0/lib/python3.14/unittest/mock.py", line 1234, in _execute_mock_call
    raise effect
ConnectionError: Network error
2025-11-07 08:16:53 - fds_reader - INFO - Processing document /tmp/pytest-of-rdmd/pytest-6/test_corrupted_pdf_extraction_0/corrupted.pdf
2025-11-07 08:16:53 - fds_reader - ERROR - Failed to process document /tmp/pytest-of-rdmd/pytest-6/test_corrupted_pdf_extraction_0/corrupted.pdf
Traceback (most recent call last):
  File "/media/rdmd/5B7DD5A264DC7966/BI/fds_reader/src/core/document_processor.py", line 144, in process
    data = extractor.extract(file_path)
  File "/home/rdmd/.local/share/mise/installs/python/3.14.0/lib/python3.14/unittest/mock.py", line 1175, in __call__
    return self._mock_call(*args, **kwargs)
           ~~~~~~~~~~~~~~~^^^^^^^^^^^^^^^^^
  File "/home/rdmd/.local/share/mise/installs/python/3.14.0/lib/python3.14/unittest/mock.py", line 1179, in _mock_call
    return self._execute_mock_call(*args, **kwargs)
           ~~~~~~~~~~~~~~~~~~~~~~~^^^^^^^^^^^^^^^^^
  File "/home/rdmd/.local/share/mise/installs/python/3.14.0/lib/python3.14/unittest/mock.py", line 1234, in _execute_mock_call
    raise effect
Exception: PDF extraction failed
2025-11-07 08:16:53 - fds_reader - INFO - Searching online for 1 missing fields: ['incompatibilidades']
2025-11-07 08:16:53 - fds_reader - INFO - Processing document /tmp/pytest-of-rdmd/pytest-6/test_empty_pdf_no_text_extract0/empty.pdf
2025-11-07 08:16:53 - fds_reader - WARNING - Nenhum conteudo encontrado para o documento 1
2025-11-07 08:16:53 - fds_reader - INFO - Document /tmp/pytest-of-rdmd/pytest-6/test_empty_pdf_no_text_extract0/empty.pdf processed in 0.00s
2025-11-07 08:16:53 - fds_reader - INFO - Processing document /tmp/pytest-of-rdmd/pytest-6/test_confidence_exactly_at_thr0/test.pdf
2025-11-07 08:16:53 - fds_reader - INFO - Document /tmp/pytest-of-rdmd/pytest-6/test_confidence_exactly_at_thr0/test.pdf processed in 0.00s
2025-11-07 08:16:53 - fds_reader - INFO - Processing document /tmp/pytest-of-rdmd/pytest-6/test_custom_confidence_thresho0/test.pdf
2025-11-07 08:16:53 - fds_reader - INFO - Document /tmp/pytest-of-rdmd/pytest-6/test_custom_confidence_thresho0/test.pdf processed in 0.00s
2025-11-07 08:16:53 - fds_reader - INFO - Processing document /tmp/pytest-of-rdmd/pytest-6/test_online_mode_skips_local_l0/test.pdf
2025-11-07 08:16:53 - fds_reader - INFO - Document /tmp/pytest-of-rdmd/pytest-6/test_online_mode_skips_local_l0/test.pdf processed in 0.00s
2025-11-07 08:16:53 - fds_reader - INFO - Searching online for 1 missing fields: ['incompatibilidades']
2025-11-07 08:16:53 - fds_reader - INFO - Processing document /tmp/pytest-of-rdmd/pytest-6/test_local_mode_uses_llm_for_l0/test.pdf
2025-11-07 08:16:53 - fds_reader - INFO - Document /tmp/pytest-of-rdmd/pytest-6/test_local_mode_uses_llm_for_l0/test.pdf processed in 0.00s
2025-11-07 08:16:53 - fds_reader - INFO - Gemini: searching online for fields: ['numero_onu', 'numero_cas']
2025-11-07 08:16:53 - fds_reader - INFO - Gemini online search completed for 2 fields
